<?xml version="1.0" encoding="UTF-8"?>
<testng-results ignored="0" total="4" passed="4" failed="0" skipped="0">
  <reporter-output>
  </reporter-output>
  <suite started-at="2021-04-22T09:48:48 EDT" name="TestSuite" finished-at="2021-04-22T09:48:54 EDT" duration-ms="6013">
    <groups>
    </groups>
    <test started-at="2021-04-22T09:48:48 EDT" name="rest API TEST" finished-at="2021-04-22T09:48:54 EDT" duration-ms="6013">
      <class name="DumyTest.DummyTest">
        <test-method is-config="true" signature="setup()[pri:0, instance:DumyTest.DummyTest@1b1473ab]" started-at="2021-04-22T09:48:48 EDT" name="setup" finished-at="2021-04-22T09:48:48 EDT" duration-ms="9" status="PASS">
          <reporter-output>
          </reporter-output>
        </test-method> <!-- setup -->
        <test-method is-config="true" signature="setup()[pri:0, instance:DumyTest.DummyTest@1b1473ab]" started-at="2021-04-22T09:48:48 EDT" name="setup" finished-at="2021-04-22T09:48:48 EDT" duration-ms="9" status="PASS">
          <reporter-output>
          </reporter-output>
        </test-method> <!-- setup -->
        <test-method is-config="true" signature="setup()[pri:0, instance:DumyTest.DummyTest@1b1473ab]" started-at="2021-04-22T09:48:48 EDT" name="setup" finished-at="2021-04-22T09:48:48 EDT" duration-ms="9" status="PASS">
          <reporter-output>
          </reporter-output>
        </test-method> <!-- setup -->
        <test-method is-config="true" signature="setup()[pri:0, instance:DumyTest.DummyTest@1b1473ab]" started-at="2021-04-22T09:48:48 EDT" name="setup" finished-at="2021-04-22T09:48:48 EDT" duration-ms="9" status="PASS">
          <reporter-output>
          </reporter-output>
        </test-method> <!-- setup -->
        <test-method signature="getEmployeeDetailTest()[pri:0, instance:DumyTest.DummyTest@1b1473ab]" started-at="2021-04-22T09:48:48 EDT" name="getEmployeeDetailTest" finished-at="2021-04-22T09:48:54 EDT" duration-ms="5931" status="PASS">
          <reporter-output>
          </reporter-output>
        </test-method> <!-- getEmployeeDetailTest -->
        <test-method signature="deleteEmployeeIDTest()[pri:0, instance:DumyTest.DummyTest@1b1473ab]" started-at="2021-04-22T09:48:48 EDT" name="deleteEmployeeIDTest" finished-at="2021-04-22T09:48:52 EDT" duration-ms="4622" status="PASS">
          <reporter-output>
          </reporter-output>
        </test-method> <!-- deleteEmployeeIDTest -->
        <test-method signature="deteMessagesuccessfullyTest()[pri:0, instance:DumyTest.DummyTest@1b1473ab]" started-at="2021-04-22T09:48:48 EDT" name="deteMessagesuccessfullyTest" finished-at="2021-04-22T09:48:54 EDT" duration-ms="5936" status="PASS">
          <reporter-output>
          </reporter-output>
        </test-method> <!-- deteMessagesuccessfullyTest -->
        <test-method signature="getstatusTest()[pri:0, instance:DumyTest.DummyTest@1b1473ab]" started-at="2021-04-22T09:48:48 EDT" name="getstatusTest" finished-at="2021-04-22T09:48:52 EDT" duration-ms="4619" status="PASS">
          <reporter-output>
          </reporter-output>
        </test-method> <!-- getstatusTest -->
      </class> <!-- DumyTest.DummyTest -->
    </test> <!-- rest API TEST -->
  </suite> <!-- TestSuite -->
</testng-results>
