<?xml version="1.0" encoding="UTF-8"?>
<testsuite xmlns:xsi="http://www.w3.org/2001/XMLSchema-instance" xsi:noNamespaceSchemaLocation="https://maven.apache.org/surefire/maven-surefire-plugin/xsd/surefire-test-report-3.0.xsd" version="3.0" name="TestSuite" time="7.744" tests="4" errors="0" skipped="0" failures="0">
  <properties>
[...]
</properties>
  <testcase name="getstatusTest" classname="DumyTest.DummyTest" time="6.707">
    <system-out><![CDATA[HTTP/1.1 200 OK
Date: Thu, 22 Apr 2021 13:48:50 GMT
Content-Type: application/json
Transfer-Encoding: chunked
Connection: keep-alive
Set-Cookie: __cfduid=d984a88e28695c7e48e7610818efe537a1619099329; expires=Sat, 22-May-21 13:48:49 GMT; path=/; domain=.restapiexample.com; HttpOnly; SameSite=Lax
Cache-Control: no-cache, private, max-age=31536000
Display: staticcontent_sol, staticcontent_sol
Expires: Fri, 22 Apr 2022 13:48:49 GMT
Host-Header: c2hhcmVkLmJsdWVob3N0LmNvbQ==
Referrer-Policy: 
Response: 200
Vary: Accept-Encoding
Vary: Accept-Encoding,User-Agent,Origin
X-Ezoic-Cdn: Miss
X-Middleton-Display: staticcontent_sol, staticcontent_sol
X-Middleton-Response: 200
X-Ratelimit-Limit: 60
X-Ratelimit-Remaining: 58
X-Sol: pub_site
CF-Cache-Status: DYNAMIC
cf-request-id: 099b703b3300000374cc971000000001
Report-To: {"endpoints":[{"url":"https:\/\/a.nel.cloudflare.com\/report?s=aZgCFx3sEgVsfxTVIkV73HpHCHLGKyCdbB3PgWnlXzgf%2BmEBF9Xlbfyjpzrh%2Fx5dYni%2BH4U8REPai0bwucVHw3uz0KJhNPIlQRwYisYREu2lbJsRF4hxhSU%3D"}],"max_age":604800,"group":"cf-nel"}
NEL: {"max_age":604800,"report_to":"cf-nel"}
Server: cloudflare
CF-RAY: 643f4fd859a40374-ORD
Content-Encoding: gzip
alt-svc: h3-27=":443"; ma=86400, h3-28=":443"; ma=86400, h3-29=":443"; ma=86400

{
    "status": "success",
    "data": {
        "id": 4,
        "employee_name": "Cedric Kelly",
        "employee_salary": 433060,
        "employee_age": 22,
        "profile_image": ""
    },
    "message": "Successfully! Record has been fetched."
}
HTTP/1.1 200 OK
Date: Thu, 22 Apr 2021 13:48:50 GMT
Content-Type: application/json
Transfer-Encoding: chunked
Connection: keep-alive
Set-Cookie: __cfduid=d861760975b13ea64f68f44c45b24095d1619099329; expires=Sat, 22-May-21 13:48:49 GMT; path=/; domain=.restapiexample.com; HttpOnly; SameSite=Lax
Cache-Control: no-cache, private, max-age=31536000
Display: staticcontent_sol, staticcontent_sol
Expires: Fri, 22 Apr 2022 13:48:49 GMT
Host-Header: c2hhcmVkLmJsdWVob3N0LmNvbQ==
Referrer-Policy: 
Response: 200
Vary: Accept-Encoding
Vary: Accept-Encoding,Origin
X-Ezoic-Cdn: Miss
X-Middleton-Display: staticcontent_sol, staticcontent_sol
X-Middleton-Response: 200
X-Ratelimit-Limit: 60
X-Ratelimit-Remaining: 58
X-Sol: pub_site
CF-Cache-Status: DYNAMIC
cf-request-id: 099b703b2d00005a45038cd000000001
Report-To: {"max_age":604800,"endpoints":[{"url":"https:\/\/a.nel.cloudflare.com\/report?s=RpUaAYvawI1YwBj7X1nSoquIveAS9TejjdOQFjhDdCm2kzkXruCSXuTT5xnoMkJ7EUGFUtjzww2Dwz%2FtPOLY8jOPQPRuGyq78ncl%2BzRb%2BF5iF7ZLIclVbNU%3D"}],"group":"cf-nel"}
NEL: {"report_to":"cf-nel","max_age":604800}
Server: cloudflare
CF-RAY: 643f4fd84dae5a45-IAD
Content-Encoding: gzip
alt-svc: h3-27=":443"; ma=86400, h3-28=":443"; ma=86400, h3-29=":443"; ma=86400

{
    "status": "success",
    "data": "5",
    "message": "Successfully! Record has been deleted"
}
HTTP/1.1 200 OK
Date: Thu, 22 Apr 2021 13:48:50 GMT
Content-Type: application/json
Content-Length: 631
Connection: keep-alive
Set-Cookie: __cfduid=d87b691af9070d1e712fca1ecc1a6e0691619099329; expires=Sat, 22-May-21 13:48:49 GMT; path=/; domain=.restapiexample.com; HttpOnly; SameSite=Lax
Cache-Control: no-cache, private, max-age=31536000
Content-Encoding: gzip
Display: staticcontent_sol, staticcontent_sol
Expires: Fri, 22 Apr 2022 13:48:49 GMT
Host-Header: c2hhcmVkLmJsdWVob3N0LmNvbQ==
Referrer-Policy: 
Response: 200
Vary: Accept-Encoding
Vary: Accept-Encoding,User-Agent,Origin
X-Ezoic-Cdn: Miss
X-Middleton-Display: staticcontent_sol, staticcontent_sol
X-Middleton-Response: 200
X-Ratelimit-Limit: 60
X-Ratelimit-Remaining: 58
X-Sol: pub_site
CF-Cache-Status: DYNAMIC
cf-request-id: 099b703b33000003e09f314000000001
Report-To: {"max_age":604800,"endpoints":[{"url":"https:\/\/a.nel.cloudflare.com\/report?s=Hm0SaEVIFLxK6%2F9nf3zlAAOfouEpnIVdEFgNp5NuNxkFyK7HZn28Ejd7hGSBvAoDpzPJsdvM3pfEgS2%2BKnY8g5zX%2B%2FNXu4XrYJfwIjeN9Jq7bLcDTg0oGhY%3D"}],"group":"cf-nel"}
NEL: {"report_to":"cf-nel","max_age":604800}
Server: cloudflare
CF-RAY: 643f4fd8597503e0-ORD
alt-svc: h3-27=":443"; ma=86400, h3-28=":443"; ma=86400, h3-29=":443"; ma=86400

{
    "status": "success",
    "data": [
        {
            "id": 1,
            "employee_name": "Tiger Nixon",
            "employee_salary": 320800,
            "employee_age": 61,
            "profile_image": ""
        },
        {
            "id": 2,
            "employee_name": "Garrett Winters",
            "employee_salary": 170750,
            "employee_age": 63,
            "profile_image": ""
        },
        {
            "id": 3,
            "employee_name": "Ashton Cox",
            "employee_salary": 86000,
            "employee_age": 66,
            "profile_image": ""
        },
        {
            "id": 4,
            "employee_name": "Cedric Kelly",
            "employee_salary": 433060,
            "employee_age": 22,
            "profile_image": ""
        },
        {
            "id": 5,
            "employee_name": "Airi Satou",
            "employee_salary": 162700,
            "employee_age": 33,
            "profile_image": ""
        },
        {
            "id": 6,
            "employee_name": "Brielle Williamson",
            "employee_salary": 372000,
            "employee_age": 61,
            "profile_image": ""
        },
        {
            "id": 7,
            "employee_name": "Herrod Chandler",
            "employee_salary": 137500,
            "employee_age": 59,
            "profile_image": ""
        },
        {
            "id": 8,
            "employee_name": "Rhona Davidson",
            "employee_salary": 327900,
            "employee_age": 55,
            "profile_image": ""
        },
        {
            "id": 9,
            "employee_name": "Colleen Hurst",
            "employee_salary": 205500,
            "employee_age": 39,
            "profile_image": ""
        },
        {
            "id": 10,
            "employee_name": "Sonya Frost",
            "employee_salary": 103600,
            "employee_age": 23,
            "profile_image": ""
        },
        {
            "id": 11,
            "employee_name": "Jena Gaines",
            "employee_salary": 90560,
            "employee_age": 30,
            "profile_image": ""
        },
        {
            "id": 12,
            "employee_name": "Quinn Flynn",
            "employee_salary": 342000,
            "employee_age": 22,
            "profile_image": ""
        },
        {
            "id": 13,
            "employee_name": "Charde Marshall",
            "employee_salary": 470600,
            "employee_age": 36,
            "profile_image": ""
        },
        {
            "id": 14,
            "employee_name": "Haley Kennedy",
            "employee_salary": 313500,
            "employee_age": 43,
            "profile_image": ""
        },
        {
            "id": 15,
            "employee_name": "Tatyana Fitzpatrick",
            "employee_salary": 385750,
            "employee_age": 19,
            "profile_image": ""
        },
        {
            "id": 16,
            "employee_name": "Michael Silva",
            "employee_salary": 198500,
            "employee_age": 66,
            "profile_image": ""
        },
        {
            "id": 17,
            "employee_name": "Paul Byrd",
            "employee_salary": 725000,
            "employee_age": 64,
            "profile_image": ""
        },
        {
            "id": 18,
            "employee_name": "Gloria Little",
            "employee_salary": 237500,
            "employee_age": 59,
            "profile_image": ""
        },
        {
            "id": 19,
            "employee_name": "Bradley Greer",
            "employee_salary": 132000,
            "employee_age": 41,
            "profile_image": ""
        },
        {
            "id": 20,
            "employee_name": "Dai Rios",
            "employee_salary": 217500,
            "employee_age": 35,
            "profile_image": ""
        },
        {
            "id": 21,
            "employee_name": "Jenette Caldwell",
            "employee_salary": 345000,
            "employee_age": 30,
            "profile_image": ""
        },
        {
            "id": 22,
            "employee_name": "Yuri Berry",
            "employee_salary": 675000,
            "employee_age": 40,
            "profile_image": ""
        },
        {
            "id": 23,
            "employee_name": "Caesar Vance",
            "employee_salary": 106450,
            "employee_age": 21,
            "profile_image": ""
        },
        {
            "id": 24,
            "employee_name": "Doris Wilder",
            "employee_salary": 85600,
            "employee_age": 23,
            "profile_image": ""
        }
    ],
    "message": "Successfully! All records has been fetched."
}
HTTP/1.1 200 OK
Date: Thu, 22 Apr 2021 13:48:49 GMT
Content-Type: application/json
Transfer-Encoding: chunked
Connection: keep-alive
Set-Cookie: __cfduid=dce865144c7e2a5c630f6349baf8cdeb61619099329; expires=Sat, 22-May-21 13:48:49 GMT; path=/; domain=.restapiexample.com; HttpOnly; SameSite=Lax
Cache-Control: no-cache, private, max-age=31536000
Display: staticcontent_sol, staticcontent_sol
Expires: Fri, 22 Apr 2022 13:48:49 GMT
Host-Header: c2hhcmVkLmJsdWVob3N0LmNvbQ==
Referrer-Policy: 
Response: 200
Vary: Accept-Encoding
Vary: Accept-Encoding,Origin
X-Ezoic-Cdn: Miss
X-Middleton-Display: staticcontent_sol, staticcontent_sol
X-Middleton-Response: 200
X-Ratelimit-Limit: 60
X-Ratelimit-Remaining: 58
X-Sol: pub_site
CF-Cache-Status: DYNAMIC
cf-request-id: 099b703b35000061160215b000000001
Report-To: {"endpoints":[{"url":"https:\/\/a.nel.cloudflare.com\/report?s=EXcFxgefOt4qNpEwO7QOhJJfRjCV0SHHRF0QQzBhesR1utn7Fe0HD1omaSS1HtGkSi3WdGnkgEM8RMDQ%2F2xaQFlEReoqJtpMov%2BVp34PR4YbOtGmAdXU3G4%3D"}],"max_age":604800,"group":"cf-nel"}
NEL: {"max_age":604800,"report_to":"cf-nel"}
Server: cloudflare
CF-RAY: 643f4fd85b696116-ORD
Content-Encoding: gzip
alt-svc: h3-27=":443"; ma=86400, h3-28=":443"; ma=86400, h3-29=":443"; ma=86400

{
    "status": "success",
    "data": "1",
    "message": "Successfully! Record has been deleted"
}
]]></system-out>
  </testcase>
  <testcase name="deleteEmployeeIDTest" classname="DumyTest.DummyTest" time="6.707"/>
  <testcase name="getEmployeeDetailTest" classname="DumyTest.DummyTest" time="6.707"/>
  <testcase name="deteMessagesuccessfullyTest" classname="DumyTest.DummyTest" time="6.707"/>
</testsuite>