<?xml version="1.0" encoding="UTF-8"?>
<!-- Generated by org.testng.reporters.JUnitXMLReporter -->
<testsuite ignored="0" hostname="micromedia-PC" failures="0" tests="4" name="rest API TEST" time="6.013" errors="0" timestamp="2021-04-22T09:48:54 EDT">
  <testcase classname="DumyTest.DummyTest" name="getstatusTest" time="4.619"/>
  <testcase classname="DumyTest.DummyTest" name="deleteEmployeeIDTest" time="4.622"/>
  <testcase classname="DumyTest.DummyTest" name="getEmployeeDetailTest" time="5.931"/>
  <testcase classname="DumyTest.DummyTest" name="deteMessagesuccessfullyTest" time="5.936"/>
</testsuite> <!-- rest API TEST -->
