<?xml version="1.0" encoding="UTF-8"?>
<testsuite xmlns:xsi="http://www.w3.org/2001/XMLSchema-instance" xsi:noNamespaceSchemaLocation="https://maven.apache.org/surefire/maven-surefire-plugin/xsd/surefire-test-report-3.0.xsd" version="3.0" name="TestSuite" time="62.553" tests="1" errors="0" skipped="0" failures="0">
  <properties>
[...]
</properties>
  <testcase name="runScenario[&quot;search for Search for Book qa testing for beginners in amazon search bare&quot;, &quot;Optional[search for an Item Book from home page]&quot;](1)" classname="Runner.AmazonRunner" time="56.902">
    <system-out><![CDATA[
Scenario Outline: search for Search for Book qa testing for beginners in amazon search bare # src/test/java/features/Amazon.feature:14
[DEBUG] Removing resolution chrome=90 from cache (expired on Thu Apr 22 09:46:17 EDT 2021)
[DEBUG] Running command on the shell: [wmic.exe, datafile, where, name='C:\\Program Files (x86)\\Google\\Chrome\\Application\\chrome.exe', get, Version, /value]
[DEBUG] Result: Version=90.0.4430.72
[DEBUG] Resolution chrome90=90.0.4430.24 in cache (valid until 19:11:20 22/04/2021 EDT)
[INFO] Using chromedriver 90.0.4430.24 (resolved driver for Chrome 90)
[DEBUG] Storing resolution chrome=90 in cache (valid until 10:47:32 22/04/2021 EDT)
[DEBUG] Driver chromedriver 90.0.4430.24 found in cache
[INFO] Exporting webdriver.chrome.driver as C:\Users\micromedia\.cache\selenium\chromedriver\win32\90.0.4430.24\chromedriver.exe
  Given i type "qa testing for beginners" in amazon search Bar                              # stepDefinitions.AmazonStepDefinitions.i_type_in_amazon_search_bar(java.lang.String)
  And i click on the first item in the list  result                                         # stepDefinitions.AmazonStepDefinitions.i_click_on_the_first_item_in_the_list_result()
  And i assert "$47.49" after click on first item                                           # stepDefinitions.AmazonStepDefinitions.i_assert_after_click_on_first_item(java.lang.String)
  And i Click on Add to Cart                                                                # stepDefinitions.AmazonStepDefinitions.i_click_on_add_to_cart()
  And i assert "$47.49" after click on add to cart                                          # stepDefinitions.AmazonStepDefinitions.i_assert_after_click_on_add_to_cart(java.lang.String)
  When I click  on proceed to checkout                                                      # stepDefinitions.AmazonStepDefinitions.i_click_on_proceed_to_checkout()
Element not visible
  Then i assert "$47.49" after checkout                                                     # stepDefinitions.AmazonStepDefinitions.i_assert_after_checkout(java.lang.String)
]]></system-out>
    <system-err><![CDATA[Starting ChromeDriver 90.0.4430.24 (4c6d850f087da467d926e8eddb76550aed655991-refs/branch-heads/4430@{#429}) on port 47930
Only local connections are allowed.
Please see https://chromedriver.chromium.org/security-considerations for suggestions on keeping ChromeDriver safe.
ChromeDriver was started successfully.
Apr 22, 2021 9:47:37 AM org.openqa.selenium.remote.ProtocolHandshake createSession
INFO: Detected dialect: W3C
]]></system-err>
  </testcase>
</testsuite>